<?xml version="1.0" encoding="UTF-8"?>
<!-- Generated by org.testng.reporters.JUnitReportReporter -->
<testsuite hostname="DESKTOP-6GK20PM" failures="0" tests="1" name="tests.AddProductTest" time="4.581" errors="0" timestamp="2022-05-24T15:38:45 EET" skipped="0">
  <testcase classname="tests.AddProductTest" name="userCanSearchAndAddProductsToShoppingCart" time="4.581"/>
  <system-out/>
</testsuite> <!-- tests.AddProductTest -->
