<?xml version="1.0" encoding="UTF-8"?>
<!-- Generated by org.testng.reporters.JUnitReportReporter -->
<testsuite hostname="DESKTOP-6GK20PM" failures="0" tests="1" name="tests.UserChangeCurrency" time="5.853" errors="0" timestamp="2022-05-24T16:10:00 EET" skipped="0">
  <testcase classname="tests.UserChangeCurrency" name="usreCanChangeCurrency" time="5.853"/>
  <system-out/>
</testsuite> <!-- tests.UserChangeCurrency -->
