<?xml version="1.0" encoding="UTF-8"?>
<!-- Generated by org.testng.reporters.JUnitReportReporter -->
<testsuite hostname="DESKTOP-6GK20PM" failures="0" tests="1" name="tests.AddProductToWishListTest" time="7.420" errors="0" timestamp="2022-05-24T15:38:45 EET" skipped="0">
  <testcase classname="tests.AddProductToWishListTest" name="userCanAddProductToWishList" time="7.420"/>
  <system-out/>
</testsuite> <!-- tests.AddProductToWishListTest -->
