<?xml version="1.0" encoding="UTF-8"?>
<!-- Generated by org.testng.reporters.JUnitReportReporter -->
<testsuite hostname="DESKTOP-6GK20PM" failures="0" tests="3" name="tests.UserRegisterationTest" time="13.550" errors="0" timestamp="2022-05-24T15:38:45 EET" skipped="0">
  <testcase classname="tests.UserRegisterationTest" name="userCanRegisterSuccssfully" time="5.560"/>
  <system-out/>
  <testcase classname="tests.UserRegisterationTest" name="userLogout" time="1.736"/>
  <system-out/>
  <testcase classname="tests.UserRegisterationTest" name="userLogin" time="6.254"/>
  <system-out/>
</testsuite> <!-- tests.UserRegisterationTest -->
