<?xml version="1.0" encoding="UTF-8"?>
<!-- Generated by org.testng.reporters.JUnitReportReporter -->
<testsuite hostname="DESKTOP-6GK20PM" failures="0" tests="2" name="tests.UserSearchTest" time="4.917" errors="0" timestamp="2022-05-23T23:57:45 EET" skipped="1">
  <testcase classname="tests.UserSearchTest" name="userCanSearchforProductWithSuggestMenu" time="4.917"/>
  <system-out/>
  <testcase classname="tests.UserSearchTest" name="userCanSearchforProduct">
    <skipped/>
  </testcase> <!-- userCanSearchforProduct -->
  <system-out/>
</testsuite> <!-- tests.UserSearchTest -->
