<?xml version="1.0" encoding="UTF-8"?>
<!-- Generated by org.testng.reporters.JUnitReportReporter -->
<testsuite hostname="DESKTOP-6GK20PM" failures="0" tests="1" name="tests.HomePageTest" time="1.183" errors="0" timestamp="2022-05-23T17:39:09 EET" skipped="0">
  <testcase classname="tests.HomePageTest" name="OpenRegisterationPage" time="1.183"/>
  <system-out/>
</testsuite> <!-- tests.HomePageTest -->
